<?xml version="1.0" encoding="UTF-8"?>
<testsuite name="moodanalyzer.Mood_Analyzer_Test_Exeption" tests="4" skipped="0" failures="0" errors="0" timestamp="2021-04-11T16:38:02" hostname="MRUNAL" time="0.039">
  <properties/>
  <testcase name="givenMessage_WhenSad_ShouldReturnSad()" classname="moodanalyzer.Mood_Analyzer_Test_Exeption" time="0.03"/>
  <testcase name="givenMessage_WhenAnyMood_ShouldReturnhappy()" classname="moodanalyzer.Mood_Analyzer_Test_Exeption" time="0.001"/>
  <testcase name="givenMessage_Whennull_ShouldReturnhappy()" classname="moodanalyzer.Mood_Analyzer_Test_Exeption" time="0.002"/>
  <testcase name="givenMessage_WhenEmpty_ThrowException()" classname="moodanalyzer.Mood_Analyzer_Test_Exeption" time="0.003"/>
  <system-out><![CDATA[]]></system-out>
  <system-err><![CDATA[]]></system-err>
</testsuite>
